55
768 57
1728 56
1344 55
-288 54
1584 53
5244 52
-476 51
-14544 50
-31576 49
5377 48
34693 47
-120463 46
-277266 45
3561 44
326344 43
-190587 42
-687960 41
308636 40
1624880 39
710866 38
-1140908 37
-165078 36
3416015 35
3621907 34
-1256632 33
-2905626 32
2188813 31
4591337 30
-906771 29
-3860767 28
-578168 27
815802 26
-1704075 25
-2268366 24
-237924 23
1123476 22
-1778338 21
-4421845 20
787583 19
4556436 18
-1168569 17
-3510269 16
1731852 15
2057220 14
-1268593 13
-282189 12
1160232 11
-75776 10
-562964 9
160470 8
184716 7
-101730 6
-14772 5
79884 4
31752 3
