54
48384 56
21888 54
254016 53
-1182720 52
762048 51
177796 50
-1375488 49
5459250 48
-4323336 47
-5096560 46
10923944 45
-2796419 44
-12266320 43
6412739 42
17029366 41
-14345749 40
-12974659 39
29437766 38
-6720440 37
-24810761 36
17676239 35
15911356 34
-26265328 33
-3462700 32
40421078 31
-16644050 30
-27181590 29
30653800 28
10679803 27
-33571676 26
735269 25
31621424 24
-10329453 23
-18280673 22
19820835 21
4671171 20
-14100440 19
1185192 18
5283442 17
-6249628 16
-3245074 15
8336034 14
-2202065 13
-3120073 12
2275209 11
601590 10
-1926045 9
-1590322 8
614745 7
-701603 6
483308 5
881055 4
35280 3
99225 2
