45
-120000 54
540000 53
-77000 52
-2035500 51
232900 50
5131700 49
16300 48
-7293210 47
-1335330 46
1524290 45
8317410 44
10238580 43
-11787400 42
-14509730 41
-6715080 40
-7469570 39
28156810 38
16659280 37
7463380 36
11386190 35
-36607660 34
358930 33
-24243420 32
-8861230 31
14277960 30
-14662940 29
32164360 28
-2118320 27
19331690 26
6968260 25
-14701060 24
3298530 23
-20112240 22
2556760 21
-2368100 20
2005380 19
6576060 18
-1615600 17
1980440 16
-2550360 15
-224360 14
9360 13
-426720 12
596160 11
172800 10
